No syntax errors detected in /var/www/html/mod/sqlab/classes/grader.php
No syntax errors detected in /var/www/html/mod/sqlab/classes/attempt_manager.php
No syntax errors detected in /var/www/html/mod/sqlab/classes/user_query_executor.php
No syntax errors detected in /var/www/html/mod/sqlab/classes/chat_manager.php

Fatal error: Constant expression contains invalid operations in /var/www/html/mod/sqlab/classes/moodle_interface.php on line 29

Errors parsing /var/www/html/mod/sqlab/classes/moodle_interface.php
No syntax errors detected in /var/www/html/mod/sqlab/classes/internal_sql_executor.php
No syntax errors detected in /var/www/html/mod/sqlab/classes/toolbar_menu_renderer.php
No syntax errors detected in /var/www/html/mod/sqlab/classes/dbconnector.php

Fatal error: Constant expression contains invalid operations in /var/www/html/mod/sqlab/classes/sqldb_manager.php on line 28

Errors parsing /var/www/html/mod/sqlab/classes/sqldb_manager.php
No syntax errors detected in /var/www/html/mod/sqlab/classes/observer.php
No syntax errors detected in /var/www/html/mod/sqlab/classes/database_manager.php
No syntax errors detected in /var/www/html/mod/sqlab/classes/encoder.php
No syntax errors detected in /var/www/html/mod/sqlab/classes/schema_manager.php
No syntax errors detected in /var/www/html/mod/sqlab/classes/snippet_menu_renderer.php
No syntax errors detected in /var/www/html/mod/sqlab/classes/privacy/provider.php
No syntax errors detected in /var/www/html/mod/sqlab/lang/en/sqlab.php
No syntax errors detected in /var/www/html/mod/sqlab/lang/es/sqlab.php
No syntax errors detected in /var/www/html/mod/sqlab/backup/moodle2/backup_sqlab_activity_task.class.php
No syntax errors detected in /var/www/html/mod/sqlab/backup/moodle2/restore_sqlab_activity_task.class.php
No syntax errors detected in /var/www/html/mod/sqlab/snippet_render.php
No syntax errors detected in /var/www/html/mod/sqlab/attempt copy error.php
No syntax errors detected in /var/www/html/mod/sqlab/version.php
No syntax errors detected in /var/www/html/mod/sqlab/view copy.php
No syntax errors detected in /var/www/html/mod/sqlab/password_check.php
No syntax errors detected in /var/www/html/mod/sqlab/view.php
No syntax errors detected in /var/www/html/mod/sqlab/lib.php
No syntax errors detected in /var/www/html/mod/sqlab/attempt copy.php
No syntax errors detected in /var/www/html/mod/sqlab/attempt copy 2.php
No syntax errors detected in /var/www/html/mod/sqlab/processattempt.php
No syntax errors detected in /var/www/html/mod/sqlab/attempt.php
No syntax errors detected in /var/www/html/mod/sqlab/execute_sql.php
No syntax errors detected in /var/www/html/mod/sqlab/db/events.php
No syntax errors detected in /var/www/html/mod/sqlab/db/upgrade.php
No syntax errors detected in /var/www/html/mod/sqlab/db/access.php
No syntax errors detected in /var/www/html/mod/sqlab/create_attempt.php
No syntax errors detected in /var/www/html/mod/sqlab/execute_context_resultdata.php
No syntax errors detected in /var/www/html/mod/sqlab/attempt_iframe.php
No syntax errors detected in /var/www/html/mod/sqlab/lib_iframe.php
No syntax errors detected in /var/www/html/mod/sqlab/update_grade.php
No syntax errors detected in /var/www/html/mod/sqlab/summary.php
No syntax errors detected in /var/www/html/mod/sqlab/review.php
No syntax errors detected in /var/www/html/mod/sqlab/mod_form.php
No syntax errors detected in /var/www/html/mod/sqlab/attempt.old_iu.php
No syntax errors detected in /var/www/html/mod/sqlab/attempt copy 3.php
